2019-08-17 15:52:53,651  INFO [org.apache.hadoop.conf.Configuration.deprecation] - session.id is deprecated. Instead, use dfs.metrics.session-id
2019-08-17 15:52:53,652  INFO [org.apache.hadoop.metrics.jvm.JvmMetrics] - Initializing JVM Metrics with processName=JobTracker, sessionId=
2019-08-17 15:52:54,412  WARN [org.apache.hadoop.mapreduce.JobResourceUploader] - Hadoop command-line option parsing not performed. Implement the Tool interface and execute your application with ToolRunner to remedy this.
2019-08-17 15:52:54,440  WARN [org.apache.hadoop.mapreduce.JobResourceUploader] - No job jar file set.  User classes may not be found. See Job or Job#setJar(String).
2019-08-17 15:52:54,446  INFO [org.apache.hadoop.mapreduce.lib.input.FileInputFormat] - Total input paths to process : 1
2019-08-17 15:52:54,466  INFO [org.apache.hadoop.mapreduce.JobSubmitter] - number of splits:2
2019-08-17 15:52:54,524  INFO [org.apache.hadoop.mapreduce.JobSubmitter] - Submitting tokens for job: job_local1469517044_0001
2019-08-17 15:52:54,636  INFO [org.apache.hadoop.mapreduce.Job] - The url to track the job: http://localhost:8080/
2019-08-17 15:52:54,636  INFO [org.apache.hadoop.mapreduce.Job] - Running job: job_local1469517044_0001
2019-08-17 15:52:54,637  INFO [org.apache.hadoop.mapred.LocalJobRunner] - OutputCommitter set in config null
2019-08-17 15:52:54,640  INFO [org.apache.hadoop.mapreduce.lib.output.FileOutputCommitter] - File Output Committer Algorithm version is 1
2019-08-17 15:52:54,641  INFO [org.apache.hadoop.mapred.LocalJobRunner] - OutputCommitter is org.apache.hadoop.mapreduce.lib.output.FileOutputCommitter
2019-08-17 15:52:54,669  INFO [org.apache.hadoop.mapred.LocalJobRunner] - Waiting for map tasks
2019-08-17 15:52:54,669  INFO [org.apache.hadoop.mapred.LocalJobRunner] - Starting task: attempt_local1469517044_0001_m_000000_0
2019-08-17 15:52:54,688  INFO [org.apache.hadoop.mapreduce.lib.output.FileOutputCommitter] - File Output Committer Algorithm version is 1
2019-08-17 15:52:54,692  INFO [org.apache.hadoop.yarn.util.ProcfsBasedProcessTree] - ProcfsBasedProcessTree currently is supported only on Linux.
2019-08-17 15:52:54,726  INFO [org.apache.hadoop.mapred.Task] -  Using ResourceCalculatorProcessTree : org.apache.hadoop.yarn.util.WindowsBasedProcessTree@1bf731d2
2019-08-17 15:52:54,730  INFO [org.apache.hadoop.mapred.MapTask] - Processing split: file:/D:/in/rating.json:0+33554432
2019-08-17 15:52:54,769  INFO [org.apache.hadoop.mapred.MapTask] - (EQUATOR) 0 kvi 26214396(104857584)
2019-08-17 15:52:54,769  INFO [org.apache.hadoop.mapred.MapTask] - mapreduce.task.io.sort.mb: 100
2019-08-17 15:52:54,769  INFO [org.apache.hadoop.mapred.MapTask] - soft limit at 83886080
2019-08-17 15:52:54,769  INFO [org.apache.hadoop.mapred.MapTask] - bufstart = 0; bufvoid = 104857600
2019-08-17 15:52:54,769  INFO [org.apache.hadoop.mapred.MapTask] - kvstart = 26214396; length = 6553600
2019-08-17 15:52:54,771  INFO [org.apache.hadoop.mapred.MapTask] - Map output collector class = org.apache.hadoop.mapred.MapTask$MapOutputBuffer
2019-08-17 15:52:55,591  INFO [org.apache.hadoop.mapred.LocalJobRunner] - 
2019-08-17 15:52:55,592  INFO [org.apache.hadoop.mapred.MapTask] - Starting flush of map output
2019-08-17 15:52:55,592  INFO [org.apache.hadoop.mapred.MapTask] - Spilling map output
2019-08-17 15:52:55,592  INFO [org.apache.hadoop.mapred.MapTask] - bufstart = 0; bufend = 15438679; bufvoid = 104857600
2019-08-17 15:52:55,592  INFO [org.apache.hadoop.mapred.MapTask] - kvstart = 26214396(104857584); kvend = 24163312(96653248); length = 2051085/6553600
2019-08-17 15:52:55,638  INFO [org.apache.hadoop.mapreduce.Job] - Job job_local1469517044_0001 running in uber mode : false
2019-08-17 15:52:55,639  INFO [org.apache.hadoop.mapreduce.Job] -  map 0% reduce 0%
2019-08-17 15:52:56,113  INFO [org.apache.hadoop.mapred.MapTask] - Finished spill 0
2019-08-17 15:52:56,120  INFO [org.apache.hadoop.mapred.Task] - Task:attempt_local1469517044_0001_m_000000_0 is done. And is in the process of committing
2019-08-17 15:52:56,127  INFO [org.apache.hadoop.mapred.LocalJobRunner] - map
2019-08-17 15:52:56,127  INFO [org.apache.hadoop.mapred.Task] - Task 'attempt_local1469517044_0001_m_000000_0' done.
2019-08-17 15:52:56,127  INFO [org.apache.hadoop.mapred.LocalJobRunner] - Finishing task: attempt_local1469517044_0001_m_000000_0
2019-08-17 15:52:56,127  INFO [org.apache.hadoop.mapred.LocalJobRunner] - Starting task: attempt_local1469517044_0001_m_000001_0
2019-08-17 15:52:56,128  INFO [org.apache.hadoop.mapreduce.lib.output.FileOutputCommitter] - File Output Committer Algorithm version is 1
2019-08-17 15:52:56,128  INFO [org.apache.hadoop.yarn.util.ProcfsBasedProcessTree] - ProcfsBasedProcessTree currently is supported only on Linux.
2019-08-17 15:52:56,158  INFO [org.apache.hadoop.mapred.Task] -  Using ResourceCalculatorProcessTree : org.apache.hadoop.yarn.util.WindowsBasedProcessTree@4bbe86fd
2019-08-17 15:52:56,159  INFO [org.apache.hadoop.mapred.MapTask] - Processing split: file:/D:/in/rating.json:33554432+32048203
2019-08-17 15:52:56,166  INFO [org.apache.hadoop.mapred.MapTask] - (EQUATOR) 0 kvi 26214396(104857584)
2019-08-17 15:52:56,166  INFO [org.apache.hadoop.mapred.MapTask] - mapreduce.task.io.sort.mb: 100
2019-08-17 15:52:56,166  INFO [org.apache.hadoop.mapred.MapTask] - soft limit at 83886080
2019-08-17 15:52:56,166  INFO [org.apache.hadoop.mapred.MapTask] - bufstart = 0; bufvoid = 104857600
2019-08-17 15:52:56,166  INFO [org.apache.hadoop.mapred.MapTask] - kvstart = 26214396; length = 6553600
2019-08-17 15:52:56,167  INFO [org.apache.hadoop.mapred.MapTask] - Map output collector class = org.apache.hadoop.mapred.MapTask$MapOutputBuffer
2019-08-17 15:52:56,640  INFO [org.apache.hadoop.mapreduce.Job] -  map 100% reduce 0%
2019-08-17 15:52:56,834  INFO [org.apache.hadoop.mapred.LocalJobRunner] - 
2019-08-17 15:52:56,835  INFO [org.apache.hadoop.mapred.MapTask] - Starting flush of map output
2019-08-17 15:52:56,835  INFO [org.apache.hadoop.mapred.MapTask] - Spilling map output
2019-08-17 15:52:56,835  INFO [org.apache.hadoop.mapred.MapTask] - bufstart = 0; bufend = 14987889; bufvoid = 104857600
2019-08-17 15:52:56,835  INFO [org.apache.hadoop.mapred.MapTask] - kvstart = 26214396(104857584); kvend = 24264656(97058624); length = 1949741/6553600
2019-08-17 15:52:57,143  INFO [org.apache.hadoop.mapred.MapTask] - Finished spill 0
2019-08-17 15:52:57,149  INFO [org.apache.hadoop.mapred.Task] - Task:attempt_local1469517044_0001_m_000001_0 is done. And is in the process of committing
2019-08-17 15:52:57,150  INFO [org.apache.hadoop.mapred.LocalJobRunner] - map
2019-08-17 15:52:57,150  INFO [org.apache.hadoop.mapred.Task] - Task 'attempt_local1469517044_0001_m_000001_0' done.
2019-08-17 15:52:57,150  INFO [org.apache.hadoop.mapred.LocalJobRunner] - Finishing task: attempt_local1469517044_0001_m_000001_0
2019-08-17 15:52:57,150  INFO [org.apache.hadoop.mapred.LocalJobRunner] - map task executor complete.
2019-08-17 15:52:57,151  INFO [org.apache.hadoop.mapred.LocalJobRunner] - Waiting for reduce tasks
2019-08-17 15:52:57,152  INFO [org.apache.hadoop.mapred.LocalJobRunner] - Starting task: attempt_local1469517044_0001_r_000000_0
2019-08-17 15:52:57,156  INFO [org.apache.hadoop.mapreduce.lib.output.FileOutputCommitter] - File Output Committer Algorithm version is 1
2019-08-17 15:52:57,156  INFO [org.apache.hadoop.yarn.util.ProcfsBasedProcessTree] - ProcfsBasedProcessTree currently is supported only on Linux.
2019-08-17 15:52:57,186  INFO [org.apache.hadoop.mapred.Task] -  Using ResourceCalculatorProcessTree : org.apache.hadoop.yarn.util.WindowsBasedProcessTree@27952ecf
2019-08-17 15:52:57,188  INFO [org.apache.hadoop.mapred.ReduceTask] - Using ShuffleConsumerPlugin: org.apache.hadoop.mapreduce.task.reduce.Shuffle@38aed811
2019-08-17 15:52:57,195  INFO [org.apache.hadoop.mapreduce.task.reduce.MergeManagerImpl] - MergerManager: memoryLimit=1503238528, maxSingleShuffleLimit=375809632, mergeThreshold=992137472, ioSortFactor=10, memToMemMergeOutputsThreshold=10
2019-08-17 15:52:57,196  INFO [org.apache.hadoop.mapreduce.task.reduce.EventFetcher] - attempt_local1469517044_0001_r_000000_0 Thread started: EventFetcher for fetching Map Completion Events
2019-08-17 15:52:57,218  INFO [org.apache.hadoop.mapreduce.task.reduce.LocalFetcher] - localfetcher#1 about to shuffle output of map attempt_local1469517044_0001_m_000001_0 decomp: 15962763 len: 15962767 to MEMORY
2019-08-17 15:52:57,229  INFO [org.apache.hadoop.mapreduce.task.reduce.InMemoryMapOutput] - Read 15962763 bytes from map-output for attempt_local1469517044_0001_m_000001_0
2019-08-17 15:52:57,230  INFO [org.apache.hadoop.mapreduce.task.reduce.MergeManagerImpl] - closeInMemoryFile -> map-output of size: 15962763, inMemoryMapOutputs.size() -> 1, commitMemory -> 0, usedMemory ->15962763
2019-08-17 15:52:57,234  INFO [org.apache.hadoop.mapreduce.task.reduce.LocalFetcher] - localfetcher#1 about to shuffle output of map attempt_local1469517044_0001_m_000000_0 decomp: 16464225 len: 16464229 to MEMORY
2019-08-17 15:52:57,244  INFO [org.apache.hadoop.mapreduce.task.reduce.InMemoryMapOutput] - Read 16464225 bytes from map-output for attempt_local1469517044_0001_m_000000_0
2019-08-17 15:52:57,244  INFO [org.apache.hadoop.mapreduce.task.reduce.MergeManagerImpl] - closeInMemoryFile -> map-output of size: 16464225, inMemoryMapOutputs.size() -> 2, commitMemory -> 15962763, usedMemory ->32426988
2019-08-17 15:52:57,245  INFO [org.apache.hadoop.mapreduce.task.reduce.EventFetcher] - EventFetcher is interrupted.. Returning
2019-08-17 15:52:57,245  INFO [org.apache.hadoop.mapred.LocalJobRunner] - 2 / 2 copied.
2019-08-17 15:52:57,245  INFO [org.apache.hadoop.mapreduce.task.reduce.MergeManagerImpl] - finalMerge called with 2 in-memory map-outputs and 0 on-disk map-outputs
2019-08-17 15:52:57,254  INFO [org.apache.hadoop.mapred.Merger] - Merging 2 sorted segments
2019-08-17 15:52:57,254  INFO [org.apache.hadoop.mapred.Merger] - Down to the last merge-pass, with 2 segments left of total size: 32426977 bytes
2019-08-17 15:52:57,555  INFO [org.apache.hadoop.mapreduce.task.reduce.MergeManagerImpl] - Merged 2 segments, 32426988 bytes to disk to satisfy reduce memory limit
2019-08-17 15:52:57,555  INFO [org.apache.hadoop.mapreduce.task.reduce.MergeManagerImpl] - Merging 1 files, 32426990 bytes from disk
2019-08-17 15:52:57,556  INFO [org.apache.hadoop.mapreduce.task.reduce.MergeManagerImpl] - Merging 0 segments, 0 bytes from memory into reduce
2019-08-17 15:52:57,556  INFO [org.apache.hadoop.mapred.Merger] - Merging 1 sorted segments
2019-08-17 15:52:57,556  INFO [org.apache.hadoop.mapred.Merger] - Down to the last merge-pass, with 1 segments left of total size: 32426982 bytes
2019-08-17 15:52:57,557  INFO [org.apache.hadoop.mapred.LocalJobRunner] - 2 / 2 copied.
2019-08-17 15:52:57,560  INFO [org.apache.hadoop.conf.Configuration.deprecation] - mapred.skip.on is deprecated. Instead, use mapreduce.job.skiprecords
2019-08-17 15:52:58,185  INFO [org.apache.hadoop.mapred.Task] - Task:attempt_local1469517044_0001_r_000000_0 is done. And is in the process of committing
2019-08-17 15:52:58,186  INFO [org.apache.hadoop.mapred.LocalJobRunner] - 2 / 2 copied.
2019-08-17 15:52:58,186  INFO [org.apache.hadoop.mapred.Task] - Task attempt_local1469517044_0001_r_000000_0 is allowed to commit now
2019-08-17 15:52:58,186  INFO [org.apache.hadoop.mapreduce.lib.output.FileOutputCommitter] - Saved output of task 'attempt_local1469517044_0001_r_000000_0' to file:/D:/out/_temporary/0/task_local1469517044_0001_r_000000
2019-08-17 15:52:58,187  INFO [org.apache.hadoop.mapred.LocalJobRunner] - reduce > reduce
2019-08-17 15:52:58,187  INFO [org.apache.hadoop.mapred.Task] - Task 'attempt_local1469517044_0001_r_000000_0' done.
2019-08-17 15:52:58,187  INFO [org.apache.hadoop.mapred.LocalJobRunner] - Finishing task: attempt_local1469517044_0001_r_000000_0
2019-08-17 15:52:58,187  INFO [org.apache.hadoop.mapred.LocalJobRunner] - reduce task executor complete.
2019-08-17 15:52:58,641  INFO [org.apache.hadoop.mapreduce.Job] -  map 100% reduce 100%
2019-08-17 15:52:58,641  INFO [org.apache.hadoop.mapreduce.Job] - Job job_local1469517044_0001 completed successfully
2019-08-17 15:52:58,648  INFO [org.apache.hadoop.mapreduce.Job] - Counters: 30
	File System Counters
		FILE: Number of bytes read=229627183
		FILE: Number of bytes written=115882868
		FILE: Number of read operations=0
		FILE: Number of large read operations=0
		FILE: Number of write operations=0
	Map-Reduce Framework
		Map input records=1000208
		Map output records=1000208
		Map output bytes=30426568
		Map output materialized bytes=32426996
		Input split bytes=176
		Combine input records=0
		Combine output records=0
		Reduce input groups=6040
		Reduce shuffle bytes=32426996
		Reduce input records=1000208
		Reduce output records=60400
		Spilled Records=2000416
		Shuffled Maps =2
		Failed Shuffles=0
		Merged Map outputs=2
		GC time elapsed (ms)=118
		Total committed heap usage (bytes)=2108686336
	Shuffle Errors
		BAD_ID=0
		CONNECTION=0
		IO_ERROR=0
		WRONG_LENGTH=0
		WRONG_MAP=0
		WRONG_REDUCE=0
	File Input Format Counters 
		Bytes Read=65606731
	File Output Format Counters 
		Bytes Written=1306518
